[W 03:13:02.381 NotebookApp] WARNING: The notebook server is listening on all IP addresses and not using encryption. This is not recommended.
[W 03:13:02.382 NotebookApp] WARNING: The notebook server is listening on all IP addresses and not using authentication. This is highly insecure and not recommended.
[I 03:13:02.386 NotebookApp] Serving notebooks from local directory: /home/asasopo1/cs231n-assignments/assignment2
[I 03:13:02.386 NotebookApp] 0 active kernels 
[I 03:13:02.386 NotebookApp] The IPython Notebook is running at: http://[all ip addresses on your system]:7000/
[I 03:13:02.386 NotebookApp] Use Control-C to stop this server and shut down all kernels (twice to skip confirmation).
[W 03:13:02.857 NotebookApp] 404 GET /api/kernels/7df58ea2-da36-46b4-832c-c6b64dc968e4/channels?session_id=F9F1B3B5C4114A1E8E8DBC7EB361539D (60.191.68.43): Kernel does not exist: 7df58ea2-da36-46b4-832c-c6b64dc968e4
[W 03:13:02.882 NotebookApp] 404 GET /api/kernels/7df58ea2-da36-46b4-832c-c6b64dc968e4/channels?session_id=F9F1B3B5C4114A1E8E8DBC7EB361539D (60.191.68.43) 27.02ms referer=None
[W 03:13:11.001 NotebookApp] 404 GET /api/kernels/7df58ea2-da36-46b4-832c-c6b64dc968e4/channels?session_id=F9F1B3B5C4114A1E8E8DBC7EB361539D (60.191.68.43): Kernel does not exist: 7df58ea2-da36-46b4-832c-c6b64dc968e4
[W 03:13:11.002 NotebookApp] 404 GET /api/kernels/7df58ea2-da36-46b4-832c-c6b64dc968e4/channels?session_id=F9F1B3B5C4114A1E8E8DBC7EB361539D (60.191.68.43) 2.88ms referer=None
[I 03:13:18.896 NotebookApp] Kernel started: cd5de196-0bcb-49a2-8631-9e94279f4e96
[I 03:15:19.406 NotebookApp] Saving file at /FullyConnectedNets.ipynb
[I 06:19:23.141 NotebookApp] Saving file at /cs231n/classifiers/fc_net.py
[I 06:20:29.847 NotebookApp] Saving file at /FullyConnectedNets.ipynb
[I 06:32:30.506 NotebookApp] Saving file at /FullyConnectedNets.ipynb
[I 06:34:29.802 NotebookApp] Saving file at /FullyConnectedNets.ipynb
[I 06:34:57.032 NotebookApp] Saving file at /cs231n/solver.py
[I 06:36:29.808 NotebookApp] Saving file at /FullyConnectedNets.ipynb
[I 06:38:29.775 NotebookApp] Saving file at /FullyConnectedNets.ipynb
[I 06:40:30.413 NotebookApp] Saving file at /FullyConnectedNets.ipynb
[I 06:44:30.588 NotebookApp] Saving file at /FullyConnectedNets.ipynb
[I 07:13:33.458 NotebookApp] Saving file at /cs231n/classifiers/fc_net.py
[I 07:24:28.205 NotebookApp] Saving file at /cs231n/classifiers/fc_net.py
[I 07:26:30.066 NotebookApp] Saving file at /FullyConnectedNets.ipynb
[I 07:28:30.083 NotebookApp] Saving file at /FullyConnectedNets.ipynb
[I 07:48:51.936 NotebookApp] Saving file at /cs231n/optim.py
[I 07:50:30.077 NotebookApp] Saving file at /FullyConnectedNets.ipynb
[I 07:50:37.998 NotebookApp] Saving file at /cs231n/optim.py
[I 07:52:30.709 NotebookApp] Saving file at /FullyConnectedNets.ipynb
[I 07:53:24.217 NotebookApp] Saving file at /FullyConnectedNets.ipynb
[I 07:53:57.413 NotebookApp] Kernel shutdown: cd5de196-0bcb-49a2-8631-9e94279f4e96
[W 07:54:07.053 NotebookApp] Notebook BatchNormalization.ipynb is not trusted
[I 07:54:07.784 NotebookApp] Kernel started: a53ee286-156b-42e6-acfa-a57db3e4a026
[I 08:08:31.379 NotebookApp] Kernel started: 4f497c92-2263-437d-81c8-ba2bc29bbd22
[I 08:08:42.132 NotebookApp] Saving file at /FullyConnectedNets.ipynb
[I 08:08:49.690 NotebookApp] Kernel shutdown: 4f497c92-2263-437d-81c8-ba2bc29bbd22
[I 08:08:50.094 NotebookApp] Kernel shutdown: a53ee286-156b-42e6-acfa-a57db3e4a026
[I 08:30:09.728 NotebookApp] Saving file at /BatchNormalization.ipynb
[I 08:32:09.438 NotebookApp] Saving file at /BatchNormalization.ipynb
[W 08:32:37.377 NotebookApp] Kernel does not exist: a53ee286-156b-42e6-acfa-a57db3e4a026
[W 08:32:37.378 NotebookApp] 404 POST /api/kernels/a53ee286-156b-42e6-acfa-a57db3e4a026/interrupt (60.191.68.43) 1.79ms referer=http://104.199.172.107:7000/notebooks/BatchNormalization.ipynb
[I 08:32:50.148 NotebookApp] Kernel started: aed50375-4aa3-4b7c-981c-43ab73e4981a
[I 08:34:50.205 NotebookApp] Saving file at /BatchNormalization.ipynb
[I 09:15:47.215 NotebookApp] Saving file at /cs231n/layers.py
[I 09:16:50.310 NotebookApp] Saving file at /BatchNormalization.ipynb
[I 09:20:50.433 NotebookApp] Saving file at /BatchNormalization.ipynb
[I 09:21:37.420 NotebookApp] Saving file at /cs231n/classifiers/fc_net.py
[I 09:22:50.239 NotebookApp] Saving file at /BatchNormalization.ipynb
[I 09:24:50.588 NotebookApp] Saving file at /BatchNormalization.ipynb
[I 09:27:54.042 NotebookApp] Saving file at /cs231n/layer_utils.py
[I 09:28:28.073 NotebookApp] Kernel restarted: aed50375-4aa3-4b7c-981c-43ab73e4981a
[I 09:28:50.374 NotebookApp] Saving file at /BatchNormalization.ipynb
[I 09:30:50.627 NotebookApp] Saving file at /BatchNormalization.ipynb
[I 09:32:26.137 NotebookApp] Kernel shutdown: aed50375-4aa3-4b7c-981c-43ab73e4981a
[I 09:32:34.655 NotebookApp] Kernel started: 6471adbf-adf5-416f-978d-816d6202888b
[I 09:34:35.253 NotebookApp] Saving file at /FullyConnectedNets.ipynb
[I 09:35:20.107 NotebookApp] Kernel shutdown: 6471adbf-adf5-416f-978d-816d6202888b
[W 09:35:23.618 NotebookApp] Notebook Dropout.ipynb is not trusted
[I 09:35:24.145 NotebookApp] Kernel started: b70d7cc6-8e7f-4f84-a85d-6a342044f9fb
[I 09:41:24.339 NotebookApp] Saving file at /Dropout.ipynb
[I 09:46:07.076 NotebookApp] Saving file at /cs231n/layers.py
[I 09:47:24.381 NotebookApp] Saving file at /Dropout.ipynb
[I 09:47:36.009 NotebookApp] Kernel started: 2f432882-12f1-4f55-9ae6-3ef2e08e71ae
[I 09:49:37.406 NotebookApp] Saving file at /FullyConnectedNets.ipynb
[I 09:51:36.548 NotebookApp] Saving file at /FullyConnectedNets.ipynb
[I 10:01:36.569 NotebookApp] Saving file at /FullyConnectedNets.ipynb
[I 10:03:36.888 NotebookApp] Saving file at /FullyConnectedNets.ipynb
[I 10:07:36.513 NotebookApp] Saving file at /FullyConnectedNets.ipynb
[I 10:09:36.309 NotebookApp] Saving file at /FullyConnectedNets.ipynb
[I 10:11:36.481 NotebookApp] Saving file at /FullyConnectedNets.ipynb
[I 10:39:36.939 NotebookApp] Saving file at /FullyConnectedNets.ipynb
[I 10:41:36.265 NotebookApp] Saving file at /FullyConnectedNets.ipynb
[I 10:49:36.512 NotebookApp] Saving file at /FullyConnectedNets.ipynb
[I 10:51:36.784 NotebookApp] Saving file at /FullyConnectedNets.ipynb
[I 10:55:36.442 NotebookApp] Saving file at /FullyConnectedNets.ipynb
[I 10:56:03.766 NotebookApp] Kernel restarted: 2f432882-12f1-4f55-9ae6-3ef2e08e71ae
[I 10:56:09.440 NotebookApp] Kernel interrupted: 2f432882-12f1-4f55-9ae6-3ef2e08e71ae
[I 10:56:14.866 NotebookApp] Kernel restarted: 2f432882-12f1-4f55-9ae6-3ef2e08e71ae
[I 10:57:36.112 NotebookApp] Saving file at /FullyConnectedNets.ipynb
[I 10:58:51.868 NotebookApp] Kernel shutdown: b70d7cc6-8e7f-4f84-a85d-6a342044f9fb
[W 10:58:57.413 NotebookApp] Notebook ConvolutionalNetworks.ipynb is not trusted
[I 10:58:58.631 NotebookApp] Kernel started: 3bf44978-2597-49f7-9ad9-4a5d5382ada6
[I 11:00:58.811 NotebookApp] Saving file at /ConvolutionalNetworks.ipynb
[I 11:03:36.138 NotebookApp] Saving file at /FullyConnectedNets.ipynb
[I 11:19:36.283 NotebookApp] Saving file at /FullyConnectedNets.ipynb
[I 11:23:36.208 NotebookApp] Saving file at /FullyConnectedNets.ipynb
[I 11:29:36.312 NotebookApp] Saving file at /FullyConnectedNets.ipynb
[I 11:34:26.274 NotebookApp] Kernel shutdown: 2f432882-12f1-4f55-9ae6-3ef2e08e71ae
[I 11:39:43.015 NotebookApp] Saving file at /ConvolutionalNetworks.ipynb
[I 11:45:29.074 NotebookApp] Saving file at /cs231n/layers.py
[I 11:45:42.923 NotebookApp] Saving file at /ConvolutionalNetworks.ipynb
[I 11:47:14.994 NotebookApp] Saving file at /cs231n/layers.py
[I 11:47:42.928 NotebookApp] Saving file at /ConvolutionalNetworks.ipynb
[I 11:47:57.306 NotebookApp] Saving file at /cs231n/layers.py
[I 11:49:42.940 NotebookApp] Saving file at /ConvolutionalNetworks.ipynb
[I 11:53:19.453 NotebookApp] Saving file at /cs231n/layers.py
[I 11:53:41.686 NotebookApp] Saving file at /cs231n/layers.py
[I 11:53:42.925 NotebookApp] Saving file at /ConvolutionalNetworks.ipynb
[I 11:54:26.377 NotebookApp] Saving file at /cs231n/layers.py
[I 11:55:42.936 NotebookApp] Saving file at /ConvolutionalNetworks.ipynb
[I 11:55:47.908 NotebookApp] Saving file at /cs231n/layers.py
[I 11:57:42.931 NotebookApp] Saving file at /ConvolutionalNetworks.ipynb
[I 11:58:44.019 NotebookApp] Saving file at /cs231n/layers.py
[I 11:58:56.566 NotebookApp] Saving file at /cs231n/layers.py
[I 11:59:42.931 NotebookApp] Saving file at /ConvolutionalNetworks.ipynb
[I 11:59:59.131 NotebookApp] Saving file at /cs231n/layers.py
[I 12:01:06.483 NotebookApp] Saving file at /cs231n/layers.py
[I 12:01:43.097 NotebookApp] Saving file at /ConvolutionalNetworks.ipynb
[I 12:02:13.167 NotebookApp] Saving file at /cs231n/layers.py
[I 12:02:38.802 NotebookApp] Saving file at /cs231n/layers.py
[I 12:03:43.102 NotebookApp] Saving file at /ConvolutionalNetworks.ipynb
[I 12:04:02.101 NotebookApp] Saving file at /cs231n/layers.py
[I 12:05:43.104 NotebookApp] Saving file at /ConvolutionalNetworks.ipynb
[I 12:07:43.120 NotebookApp] Saving file at /ConvolutionalNetworks.ipynb
[W 12:10:24.428 NotebookApp] WARNING: The notebook server is listening on all IP addresses and not using encryption. This is not recommended.
[W 12:10:24.428 NotebookApp] WARNING: The notebook server is listening on all IP addresses and not using authentication. This is highly insecure and not recommended.
[I 12:10:24.433 NotebookApp] Serving notebooks from local directory: /home/asasopo1/cs231n-assignments/assignment2
[I 12:10:24.433 NotebookApp] 0 active kernels 
[I 12:10:24.433 NotebookApp] The IPython Notebook is running at: http://[all ip addresses on your system]:7000/
[I 12:10:24.433 NotebookApp] Use Control-C to stop this server and shut down all kernels (twice to skip confirmation).
[W 12:10:28.200 NotebookApp] 404 GET /api/kernels/9a79405c-8647-4b2f-9216-22d323b98ea9/channels?session_id=28E1765E2EE14B11BF176B494C7BC054 (60.191.68.43): Kernel does not exist: 9a79405c-8647-4b2f-9216-22d323b98ea9
[W 12:10:28.227 NotebookApp] 404 GET /api/kernels/9a79405c-8647-4b2f-9216-22d323b98ea9/channels?session_id=28E1765E2EE14B11BF176B494C7BC054 (60.191.68.43) 29.69ms referer=None
[I 12:10:35.762 NotebookApp] Kernel started: 1a9a7d14-707c-4961-85ac-5c0d16254be9
[I 12:12:36.124 NotebookApp] Saving file at /ConvolutionalNetworks.ipynb
[I 12:20:36.132 NotebookApp] Saving file at /ConvolutionalNetworks.ipynb
[I 12:22:34.344 NotebookApp] Saving file at /cs231n/classifiers/cnn.py
[I 12:23:23.434 NotebookApp] Saving file at /cs231n/classifiers/cnn.py
[I 12:24:36.005 NotebookApp] Saving file at /ConvolutionalNetworks.ipynb
[I 12:26:35.990 NotebookApp] Saving file at /ConvolutionalNetworks.ipynb
[I 12:34:36.277 NotebookApp] Saving file at /ConvolutionalNetworks.ipynb
[I 12:36:46.688 NotebookApp] Saving file at /cs231n/layers.py
[I 12:38:36.070 NotebookApp] Saving file at /ConvolutionalNetworks.ipynb
[I 03:04:38.869 NotebookApp] Saving file at /cs231n/layers.py
[I 03:06:08.604 NotebookApp] Kernel shutdown: 1a9a7d14-707c-4961-85ac-5c0d16254be9
[W 05:59:31.739 NotebookApp] Notebook TensorFlow.ipynb is not trusted
[I 05:59:33.002 NotebookApp] Kernel started: bcd31480-42d2-4b3c-80f1-04d6064a6502
[I 06:03:33.170 NotebookApp] Saving file at /TensorFlow.ipynb
[I 06:41:33.366 NotebookApp] Saving file at /TensorFlow.ipynb
[W 07:14:45.104 NotebookApp] WARNING: The notebook server is listening on all IP addresses and not using encryption. This is not recommended.
[W 07:14:45.104 NotebookApp] WARNING: The notebook server is listening on all IP addresses and not using authentication. This is highly insecure and not recommended.
[I 07:14:45.107 NotebookApp] Serving notebooks from local directory: /home/asasopo1/cs231n-assignments/assignment2
[I 07:14:45.107 NotebookApp] 0 active kernels 
[I 07:14:45.107 NotebookApp] The IPython Notebook is running at: http://[all ip addresses on your system]:7000/
[I 07:14:45.107 NotebookApp] Use Control-C to stop this server and shut down all kernels (twice to skip confirmation).
[W 07:14:51.547 NotebookApp] 404 GET /api/kernels/d9c22cb0-4f8a-4154-8172-25e86d98e79b/channels?session_id=CF0AED6DF98344D4969611E820EA3074 (60.191.68.43): Kernel does not exist: d9c22cb0-4f8a-4154-8172-25e86d98e79b
[W 07:14:51.569 NotebookApp] 404 GET /api/kernels/d9c22cb0-4f8a-4154-8172-25e86d98e79b/channels?session_id=CF0AED6DF98344D4969611E820EA3074 (60.191.68.43) 24.31ms referer=None
[I 07:14:58.664 NotebookApp] Kernel started: 5d4bcfb9-6292-44f0-93b9-922a7e75a412
[I 07:16:58.820 NotebookApp] Saving file at /TensorFlow.ipynb
2017-07-07 08:57:22.643295: W tensorflow/core/platform/cpu_feature_guard.cc:45] The TensorFlow library wasn't compiled to use SSE4.1 instructions, but these are available on your machine and could speed up CPU computations.
2017-07-07 08:57:22.643444: W tensorflow/core/platform/cpu_feature_guard.cc:45] The TensorFlow library wasn't compiled to use SSE4.2 instructions, but these are available on your machine and could speed up CPU computations.
2017-07-07 08:57:22.643462: W tensorflow/core/platform/cpu_feature_guard.cc:45] The TensorFlow library wasn't compiled to use AVX instructions, but these are available on your machine and could speed up CPU computations.
[I 08:58:59.159 NotebookApp] Saving file at /TensorFlow.ipynb
[I 09:00:18.696 NotebookApp] Saving file at /TensorFlow.ipynb
[I 09:00:58.881 NotebookApp] Saving file at /TensorFlow.ipynb
[I 09:30:59.199 NotebookApp] Saving file at /TensorFlow.ipynb
[I 09:32:58.826 NotebookApp] Saving file at /TensorFlow.ipynb
[I 09:34:59.244 NotebookApp] Saving file at /TensorFlow.ipynb
[I 09:35:08.194 NotebookApp] Saving file at /TensorFlow.ipynb
[I 09:36:58.882 NotebookApp] Saving file at /TensorFlow.ipynb
[I 09:37:37.003 NotebookApp] Saving file at /TensorFlow.ipynb
[I 09:38:28.814 NotebookApp] Saving file at /TensorFlow.ipynb
[I 09:38:58.914 NotebookApp] Saving file at /TensorFlow.ipynb
[I 09:40:04.129 NotebookApp] Saving file at /TensorFlow.ipynb
[I 09:40:58.999 NotebookApp] Saving file at /TensorFlow.ipynb
[I 09:41:16.736 NotebookApp] Kernel started: b32ae9e0-7bb5-49db-a239-c0672f1318ba
[I 09:42:59.072 NotebookApp] Saving file at /TensorFlow.ipynb
[I 09:44:58.867 NotebookApp] Saving file at /TensorFlow.ipynb
[I 09:46:59.042 NotebookApp] Saving file at /TensorFlow.ipynb
[I 09:47:16.837 NotebookApp] Saving file at /FullyConnectedNets.ipynb
[I 09:48:58.881 NotebookApp] Saving file at /TensorFlow.ipynb
[W 09:52:26.368 NotebookApp] 404 GET /edit/cs231n/classifiers/softmax.py (93.80.63.183): File does not exist: cs231n/classifiers/softmax.py
[W 09:52:26.370 NotebookApp] 404 GET /edit/cs231n/classifiers/softmax.py (93.80.63.183) 2.29ms referer=http://yandex.ru/clck/jsredir?from=yandex.ru%3Bsearch%3Bweb%3B%3B&text=&etext=1475.ZRwit8BpENTAN6Wj-z9UUz_eDepIQ506gKjE4cC0C6i84JxoGpnOTEYNvLyeoUK5.42588b962be7d3890a04ac250b15cd54f477a5d7&uuid=&state=_BLhILn4SxNIvvL0W45KSic66uCIg23qh8iRG98qeIXmeppkgUc0YD4hgzqAYr5iuWBiLZQy-rY&data=UlNrNmk5WktYejR0eWJFYk1LdmtxbmtpTXh5dW5hRnFmSi1SZlE4Tk5KNVhEbnlOYVZfczBoTWlLaEgwaW4tYjhjNkc2Ukx0NVRfWDRuNm51YjJKSEdtcF9mNUYzQWFFc19TM3lWWlpXUHRfTXZzQ3I3dW1paWdZTUhoUkx3OWtRdkZyYWFSU0xIX1FYUjNUQVpNeDFjWEx2RDdPWGl3Sg&b64e=2&sign=a17392695ad2d11a0522606989c08e3c&keyno=0&cst=AiuY0DBWFJ7IXge4WdYJQXbYQp9t5VF6odydrStc11G-g8W_8tXvoA_uGT8Cc1Orz7dh7wC1hQYpqDQmyt_0-AmKzrVscqKtTJx853HbrzuMof6iUdw18IvRBLIQgS9OcO1B5NxpQ1NtZJ1txKKgVg&ref=orjY4mGPRjk5boDnW0uvlrrd71vZw9kp5uQozpMtKCWE0vFrzScnayBLhPLb-5Ck0YHR0Sqh3XwtpZj53KS7QGOH7BZSdG3JeIYJFnNJj6Tqb_6ORwASp8hsdJAm9j4e&l10n=ru&cts=1499420273456&mc=3.26932361508
[I 09:58:48.099 NotebookApp] Kernel shutdown: b32ae9e0-7bb5-49db-a239-c0672f1318ba
[I 10:58:59.297 NotebookApp] Saving file at /TensorFlow.ipynb
[I 11:39:54.978 NotebookApp] Saving file at /TensorFlow.ipynb
[I 11:40:58.967 NotebookApp] Saving file at /TensorFlow.ipynb
[I 11:42:58.890 NotebookApp] Saving file at /TensorFlow.ipynb
[I 11:44:58.880 NotebookApp] Saving file at /TensorFlow.ipynb
[I 11:50:59.106 NotebookApp] Saving file at /TensorFlow.ipynb
[I 11:56:59.325 NotebookApp] Saving file at /TensorFlow.ipynb
[I 11:58:58.922 NotebookApp] Saving file at /TensorFlow.ipynb
[I 13:50:59.862 NotebookApp] Saving file at /TensorFlow.ipynb
[W 21:24:27.073 NotebookApp] 404 GET /edit/cs231n/classifiers/softmax.py (5.165.247.214): File does not exist: cs231n/classifiers/softmax.py
[W 21:24:27.079 NotebookApp] 404 GET /edit/cs231n/classifiers/softmax.py (5.165.247.214) 11.35ms referer=http://yandex.ru/clck/jsredir?from=yandex.ru%3Bsearch%3Bweb%3B%3B&text=&etext=1475.56AEMZXzghaExkXDzORD3k0_Y6-i7JpHYvnGkwPa5WegHDVDYqfy7AAAd_kM7112.0bc26d0e38738b3abb91d1a37c5c03ab8c2d1bb9&uuid=&state=_BLhILn4SxNIvvL0W45KSic66uCIg23qh8iRG98qeIXmeppkgUc0YFUVNhHyyhJgRFg5yeLMIWU&data=UlNrNmk5WktYejR0eWJFYk1LdmtxbmtpTXh5dW5hRnFmSi1SZlE4Tk5KNVhEbnlOYVZfczBoTWlLaEgwaW4tYjhjNkc2Ukx0NVRfWDRuNm51YjJKSEdtcF9mNUYzQWFFc19TM3lWWlpXUHRfTXZzQ3I3dW1pdW0xS1d0STlXeUhzd3ZyTXV1X2J4MUYyM3d1N0Q2bS1WWFFRRTJKYnkxNw&b64e=2&sign=c16c0294b245a065729827d6f09e9b61&keyno=0&cst=AiuY0DBWFJ7IXge4WdYJQYP93XfrtkbaWj4Od__GJsUPQRvbAteiW_MVgOe_VS9ksQVkMOf3RRITAgWgbvWq5r2Z2jxq2BVXXdwHGb3XXGI6iMlGIH8Eb37Bxq7PnGFpWhYnoxqzQ-2xQTYQkfLXeGXk6oMCnqF-&ref=orjY4mGPRjk5boDnW0uvlrrd71vZw9kp5uQozpMtKCW8_5YQZCwByRdr_2nmVMmRpwICssaE7UgWylFeYV5QetKghYk7pSaWPywXBqmhSIYKaLJ7i4gldGGZqu3KU0j8&l10n=ru&cts=1499461840509&mc=3.88210048737
[W 21:24:32.362 NotebookApp] 404 GET /static/components/bootstrap/fonts/glyphicons-halflings-regular.eot? (5.165.247.214) 4.30ms referer=http://104.199.172.107:7000/edit/cs231n/classifiers/softmax.py
[W 23:32:38.181 NotebookApp] 404 GET /static/components/bootstrap/fonts/glyphicons-halflings-regular.eot? (83.217.214.182) 2.19ms referer=http://104.199.172.107:7000/tree/cs231n
[I 02:36:01.929 NotebookApp] 302 GET / (62.210.143.84) 2.93ms
[I 03:12:59.951 NotebookApp] Saving file at /TensorFlow.ipynb
[I 03:16:59.614 NotebookApp] Saving file at /TensorFlow.ipynb
[I 03:23:01.545 NotebookApp] Saving file at /TensorFlow.ipynb
